Unsupposrted library path: C:\Users\Nep Soundfont\MCreatorWorkspaces\69s-Dungeon-Pack-Mod\build\classes\java\api
Unsupposrted library path: C:\Users\Nep Soundfont\MCreatorWorkspaces\69s-Dungeon-Pack-Mod\build\resources\api
Symbol range map extraction starting
Processing 16 files
startProcessing "soundfont/nep/dungeonsixnine/ClientProxyDungeon69Mod.java" md5: 727177e798f03a0e1b308283660423f0
endProcessing "soundfont/nep/dungeonsixnine/ClientProxyDungeon69Mod.java"

startProcessing "soundfont/nep/dungeonsixnine/Dungeon69Mod.java" md5: 606d6cb2876175a913f0a1ab457017b0
endProcessing "soundfont/nep/dungeonsixnine/Dungeon69Mod.java"

startProcessing "soundfont/nep/dungeonsixnine/Dungeon69ModVariables.java" md5: 683050bdc69cf81228110ab463ee8f19
endProcessing "soundfont/nep/dungeonsixnine/Dungeon69ModVariables.java"

startProcessing "soundfont/nep/dungeonsixnine/ElementsDungeon69Mod.java" md5: 61ab0697c065f51a62d5eec9c5288e75
endProcessing "soundfont/nep/dungeonsixnine/ElementsDungeon69Mod.java"

startProcessing "soundfont/nep/dungeonsixnine/IProxyDungeon69Mod.java" md5: cedcdc85da879528897aeb23e9fbdd7f
endProcessing "soundfont/nep/dungeonsixnine/IProxyDungeon69Mod.java"

startProcessing "soundfont/nep/dungeonsixnine/ServerProxyDungeon69Mod.java" md5: 5f6e7ea3b4fdeaa048d85c614478b5cd
endProcessing "soundfont/nep/dungeonsixnine/ServerProxyDungeon69Mod.java"

startProcessing "soundfont/nep/dungeonsixnine/block/BlockAlienContainer.java" md5: 6c82f3a8504f7f49d830c656157c7033
endProcessing "soundfont/nep/dungeonsixnine/block/BlockAlienContainer.java"

startProcessing "soundfont/nep/dungeonsixnine/block/BlockBattery.java" md5: fcf20a407d5b52228bef7193fef7def2
endProcessing "soundfont/nep/dungeonsixnine/block/BlockBattery.java"

startProcessing "soundfont/nep/dungeonsixnine/block/BlockCrateRandomizer.java" md5: 622f5507c9275350721762da9fd3a8cd
endProcessing "soundfont/nep/dungeonsixnine/block/BlockCrateRandomizer.java"

startProcessing "soundfont/nep/dungeonsixnine/block/BlockReloadMetal.java" md5: 3cc9b9a7b7276f2b6ef29f7818dd9382
endProcessing "soundfont/nep/dungeonsixnine/block/BlockReloadMetal.java"

startProcessing "soundfont/nep/dungeonsixnine/block/BlockReloadTank.java" md5: 4dfb8f1febf420907019a2b7bdfb581a
endProcessing "soundfont/nep/dungeonsixnine/block/BlockReloadTank.java"

startProcessing "soundfont/nep/dungeonsixnine/block/BlockReloadablecrate.java" md5: 318a2d2163cb4a0ffb10cbe7429c48eb
endProcessing "soundfont/nep/dungeonsixnine/block/BlockReloadablecrate.java"

startProcessing "soundfont/nep/dungeonsixnine/gui/GuiWoodcrategui.java" md5: 8782860f6b2ff883d5946d6777361d33
endProcessing "soundfont/nep/dungeonsixnine/gui/GuiWoodcrategui.java"

startProcessing "soundfont/nep/dungeonsixnine/potion/PotionTimer.java" md5: 4a1c0fa9fe392dd38a3fe7d035a8b59f
endProcessing "soundfont/nep/dungeonsixnine/potion/PotionTimer.java"

startProcessing "soundfont/nep/dungeonsixnine/procedure/ProcedureApplyTimer.java" md5: ef1d97139a2e91a6cec10e0c61204a31
endProcessing "soundfont/nep/dungeonsixnine/procedure/ProcedureApplyTimer.java"

startProcessing "soundfont/nep/dungeonsixnine/procedure/ProcedureContainerScript.java" md5: a7198d311d4c00a4753fc03dab950196
endProcessing "soundfont/nep/dungeonsixnine/procedure/ProcedureContainerScript.java"

